[    0.000000] Initializing cgroup subsys cpuset
[    0.000000] Initializing cgroup subsys cpu
[    0.000000] Initializing cgroup subsys cpuacct
[    0.000000] Linux version 4.4.0-64-generic (buildd@lgw01-56) (gcc version 5.4.0 20160609 (Ubuntu 5.4.0-6ubuntu1~16.04.4) ) #85-Ubuntu SMP Mon Feb 20 11:50:30 UTC 2017 (Ubuntu 4.4.0-64.85-generic 4.4.44)
[    0.000000] Command line: BOOT_IMAGE=/boot/vmlinuz-4.4.0-64-generic root=LABEL=cloudimg-rootfs ro console=tty1 console=ttyS0
[    0.000000] KERNEL supported cpus:
[    0.000000]   Intel GenuineIntel
[    0.000000]   AMD AuthenticAMD
[    0.000000]   Centaur CentaurHauls
[    0.000000] ------------[ cut here ]------------
[    0.000000] WARNING: CPU: 0 PID: 0 at /build/linux-1hW8mg/linux-4.4.0/arch/x86/kernel/fpu/xstate.c:517 fpu__init_system_xstate+0x38b/0x75a()
[    0.000000] XSAVE consistency problem, dumping leaves
[    0.000000] Modules linked in:
[    0.000000] CPU: 0 PID: 0 Comm: swapper Not tainted 4.4.0-64-generic #85-Ubuntu
[    0.000000]  0000000000000086 c058e824d16036a3 ffffffff81e03d80 ffffffff813f8083
[    0.000000]  ffffffff81e03dc8 ffffffff81ca9510 ffffffff81e03db8 ffffffff810812d2
[    0.000000]  ffffffff81e03e48 ffffffff81e03e4c 0000000000000008 0000000000000100
[    0.000000] Call Trace:
[    0.000000]  [<ffffffff813f8083>] dump_stack+0x63/0x90
[    0.000000]  [<ffffffff810812d2>] warn_slowpath_common+0x82/0xc0
[    0.000000]  [<ffffffff8108136c>] warn_slowpath_fmt+0x5c/0x80
[    0.000000]  [<ffffffff8107cfa0>] ? xfeature_size+0x59/0x77
[    0.000000]  [<ffffffff81f6dee4>] fpu__init_system_xstate+0x38b/0x75a
[    0.000000]  [<ffffffff81f5d120>] ? early_idt_handler_array+0x120/0x120
[    0.000000]  [<ffffffff81f6d84f>] fpu__init_system+0x10d/0x245
[    0.000000]  [<ffffffff81f6e958>] early_cpu_init+0x139/0x13e
[    0.000000]  [<ffffffff81f6e958>] ? early_cpu_init+0x139/0x13e
[    0.000000]  [<ffffffff81f69e32>] setup_arch+0xb4/0xd1e
[    0.000000]  [<ffffffff81f5d120>] ? early_idt_handler_array+0x120/0x120
[    0.000000]  [<ffffffff81f5dc74>] start_kernel+0xe4/0x4a2
[    0.000000]  [<ffffffff81f5d120>] ? early_idt_handler_array+0x120/0x120
[    0.000000]  [<ffffffff81f5d339>] x86_64_start_reservations+0x2a/0x2c
[    0.000000]  [<ffffffff81f5d485>] x86_64_start_kernel+0x14a/0x16d
[    0.000000] ---[ end trace 4d5ff9f2f68c4233 ]---
[    0.000000] CPUID[0d, 00]: eax=00000007 ebx=00000440 ecx=00000440 edx=00000000
[    0.000000] CPUID[0d, 01]: eax=00000000 ebx=000003c0 ecx=00000000 edx=00000000
[    0.000000] CPUID[0d, 02]: eax=00000100 ebx=00000240 ecx=00000000 edx=00000000
[    0.000000] CPUID[0d, 03]: eax=00000000 ebx=00000000 ecx=00000000 edx=00000000
[    0.000000] CPUID[0d, 04]: eax=00000000 ebx=00000000 ecx=00000000 edx=00000000
[    0.000000] CPUID[0d, 05]: eax=00000000 ebx=00000000 ecx=00000000 edx=00000000
[    0.000000] CPUID[0d, 06]: eax=00000000 ebx=00000000 ecx=00000000 edx=00000000
[    0.000000] CPUID[0d, 07]: eax=00000000 ebx=00000000 ecx=00000000 edx=00000000
[    0.000000] CPUID[0d, 08]: eax=00000000 ebx=00000000 ecx=00000000 edx=00000000
[    0.000000] CPUID[0d, 09]: eax=00000000 ebx=00000000 ecx=00000000 edx=00000000
[    0.000000] CPUID[0d, 0a]: eax=00000000 ebx=00000000 ecx=00000000 edx=00000000
[    0.000000] CPUID[0d, 0b]: eax=00000000 ebx=00000000 ecx=00000000 edx=00000000
[    0.000000] CPUID[0d, 0c]: eax=00000000 ebx=00000000 ecx=00000000 edx=00000000
[    0.000000] CPUID[0d, 0d]: eax=00000000 ebx=00000000 ecx=00000000 edx=00000000
[    0.000000] CPUID[0d, 0e]: eax=00000000 ebx=00000000 ecx=00000000 edx=00000000
[    0.000000] CPUID[0d, 0f]: eax=00000000 ebx=00000000 ecx=00000000 edx=00000000
[    0.000000] CPUID[0d, 10]: eax=00000000 ebx=00000000 ecx=00000000 edx=00000000
[    0.000000] CPUID[0d, 11]: eax=00000000 ebx=00000000 ecx=00000000 edx=00000000
[    0.000000] x86/fpu: xstate_offset[2]:  576, xstate_sizes[2]:  256
[    0.000000] x86/fpu: Supporting XSAVE feature 0x01: 'x87 floating point registers'
[    0.000000] x86/fpu: Supporting XSAVE feature 0x02: 'SSE registers'
[    0.000000] x86/fpu: Supporting XSAVE feature 0x04: 'AVX registers'
[    0.000000] x86/fpu: Enabled xstate features 0x7, context size is 1088 bytes, using 'standard' format.
[    0.000000] x86/fpu: Using 'lazy' FPU context switches.
[    0.000000] e820: BIOS-provided physical RAM map:
[    0.000000] BIOS-e820: [mem 0x0000000000000000-0x000000000009fbff] usable
[    0.000000] BIOS-e820: [mem 0x000000000009fc00-0x000000000009ffff] reserved
[    0.000000] BIOS-e820: [mem 0x00000000000f0000-0x00000000000fffff] reserved
[    0.000000] BIOS-e820: [mem 0x0000000000100000-0x00000000dffeffff] usable
[    0.000000] BIOS-e820: [mem 0x00000000dfff0000-0x00000000dfffffff] ACPI data
[    0.000000] BIOS-e820: [mem 0x00000000fec00000-0x00000000fec00fff] reserved
[    0.000000] BIOS-e820: [mem 0x00000000fee00000-0x00000000fee00fff] reserved
[    0.000000] BIOS-e820: [mem 0x00000000fffc0000-0x00000000ffffffff] reserved
[    0.000000] BIOS-e820: [mem 0x0000000100000000-0x000000011fffffff] usable
[    0.000000] NX (Execute Disable) protection: active
[    0.000000] SMBIOS 2.5 present.
[    0.000000] Hypervisor detected: KVM
[    0.000000] e820: last_pfn = 0x120000 max_arch_pfn = 0x400000000
[    0.000000] MTRR: Disabled
[    0.000000] x86/PAT: MTRRs disabled, skipping PAT initialization too.
[    0.000000] x86/PAT: Configuration [0-7]: WB  WT  UC- UC  WB  WT  UC- UC  
[    0.000000] CPU MTRRs all blank - virtualized system.
[    0.000000] e820: last_pfn = 0xdfff0 max_arch_pfn = 0x400000000
[    0.000000] found SMP MP-table at [mem 0x0009fff0-0x0009ffff] mapped at [ffff88000009fff0]
[    0.000000] Scanning 1 areas for low memory corruption
[    0.000000] RAMDISK: [mem 0x36af0000-0x3756ffff]
[    0.000000] ACPI: Early table checksum verification disabled
[    0.000000] ACPI: RSDP 0x00000000000E0000 000024 (v02 VBOX  )
[    0.000000] ACPI: XSDT 0x00000000DFFF0030 00003C (v01 VBOX   VBOXXSDT 00000001 ASL  00000061)
[    0.000000] ACPI: FACP 0x00000000DFFF00F0 0000F4 (v04 VBOX   VBOXFACP 00000001 ASL  00000061)
[    0.000000] ACPI: DSDT 0x00000000DFFF0480 0021C8 (v02 VBOX   VBOXBIOS 00000002 INTL 20170224)
[    0.000000] ACPI: FACS 0x00000000DFFF0200 000040
[    0.000000] ACPI: FACS 0x00000000DFFF0200 000040
[    0.000000] ACPI: APIC 0x00000000DFFF0240 00006C (v02 VBOX   VBOXAPIC 00000001 ASL  00000061)
[    0.000000] ACPI: SSDT 0x00000000DFFF02B0 0001CC (v01 VBOX   VBOXCPUT 00000002 INTL 20170224)
[    0.000000] No NUMA configuration found
[    0.000000] Faking a node at [mem 0x0000000000000000-0x000000011fffffff]
[    0.000000] NODE_DATA(0) allocated [mem 0x11fff7000-0x11fffbfff]
[    0.000000] kvm-clock: Using msrs 4b564d01 and 4b564d00
[    0.000000] kvm-clock: cpu 0, msr 1:1ffef001, primary cpu clock
[    0.000000] kvm-clock: using sched offset of 3243845709 cycles
[    0.000000] clocksource: kvm-clock: mask: 0xffffffffffffffff max_cycles: 0x1cd42e4dffb, max_idle_ns: 881590591483 ns
[    0.000000] Zone ranges:
[    0.000000]   DMA      [mem 0x0000000000001000-0x0000000000ffffff]
[    0.000000]   DMA32    [mem 0x0000000001000000-0x00000000ffffffff]
[    0.000000]   Normal   [mem 0x0000000100000000-0x000000011fffffff]
[    0.000000]   Device   empty
[    0.000000] Movable zone start for each node
[    0.000000] Early memory node ranges
[    0.000000]   node   0: [mem 0x0000000000001000-0x000000000009efff]
[    0.000000]   node   0: [mem 0x0000000000100000-0x00000000dffeffff]
[    0.000000]   node   0: [mem 0x0000000100000000-0x000000011fffffff]
[    0.000000] Initmem setup node 0 [mem 0x0000000000001000-0x000000011fffffff]
[    0.000000] ACPI: PM-Timer IO Port: 0x4008
[    0.000000] IOAPIC[0]: apic_id 4, version 32, address 0xfec00000, GSI 0-23
[    0.000000] ACPI: INT_SRC_OVR (bus 0 bus_irq 0 global_irq 2 dfl dfl)
[    0.000000] ACPI: INT_SRC_OVR (bus 0 bus_irq 9 global_irq 9 high level)
[    0.000000] Using ACPI (MADT) for SMP configuration information
[    0.000000] smpboot: Allowing 4 CPUs, 0 hotplug CPUs
[    0.000000] PM: Registered nosave memory: [mem 0x00000000-0x00000fff]
[    0.000000] PM: Registered nosave memory: [mem 0x0009f000-0x0009ffff]
[    0.000000] PM: Registered nosave memory: [mem 0x000a0000-0x000effff]
[    0.000000] PM: Registered nosave memory: [mem 0x000f0000-0x000fffff]
[    0.000000] PM: Registered nosave memory: [mem 0xdfff0000-0xdfffffff]
[    0.000000] PM: Registered nosave memory: [mem 0xe0000000-0xfebfffff]
[    0.000000] PM: Registered nosave memory: [mem 0xfec00000-0xfec00fff]
[    0.000000] PM: Registered nosave memory: [mem 0xfec01000-0xfedfffff]
[    0.000000] PM: Registered nosave memory: [mem 0xfee00000-0xfee00fff]
[    0.000000] PM: Registered nosave memory: [mem 0xfee01000-0xfffbffff]
[    0.000000] PM: Registered nosave memory: [mem 0xfffc0000-0xffffffff]
[    0.000000] e820: [mem 0xe0000000-0xfebfffff] available for PCI devices
[    0.000000] Booting paravirtualized kernel on KVM
[    0.000000] clocksource: refined-jiffies: mask: 0xffffffff max_cycles: 0xffffffff, max_idle_ns: 7645519600211568 ns
[    0.000000] setup_percpu: NR_CPUS:512 nr_cpumask_bits:512 nr_cpu_ids:4 nr_node_ids:1
[    0.000000] PERCPU: Embedded 33 pages/cpu @ffff88011fc00000 s98264 r8192 d28712 u524288
[    0.000000] PV qspinlock hash table entries: 256 (order: 0, 4096 bytes)
[    0.000000] Built 1 zonelists in Node order, mobility grouping on.  Total pages: 1032057
[    0.000000] Policy zone: Normal
[    0.000000] Kernel command line: BOOT_IMAGE=/boot/vmlinuz-4.4.0-64-generic root=LABEL=cloudimg-rootfs ro console=tty1 console=ttyS0
[    0.000000] PID hash table entries: 4096 (order: 3, 32768 bytes)
[    0.000000] Memory: 4032072K/4193848K available (8452K kernel code, 1293K rwdata, 3980K rodata, 1488K init, 1316K bss, 161776K reserved, 0K cma-reserved)
[    0.000000] SLUB: HWalign=64, Order=0-3, MinObjects=0, CPUs=4, Nodes=1
[    0.000000] Hierarchical RCU implementation.
[    0.000000] 	Build-time adjustment of leaf fanout to 64.
[    0.000000] 	RCU restricting CPUs from NR_CPUS=512 to nr_cpu_ids=4.
[    0.000000] RCU: Adjusting geometry for rcu_fanout_leaf=64, nr_cpu_ids=4
[    0.000000] NR_IRQS:33024 nr_irqs:456 16
[    0.000000] Console: colour VGA+ 80x25
[    0.000000] console [tty1] enabled
[    0.000000] console [ttyS0] enabled
[    0.000000] tsc: Detected 2591.998 MHz processor
[    2.586855] Calibrating delay loop (skipped) preset value.. 5183.99 BogoMIPS (lpj=10367992)
[    2.588278] pid_max: default: 32768 minimum: 301
[    2.590453] ACPI: Core revision 20150930
[    2.592082] ACPI: 2 ACPI AML tables successfully acquired and loaded
[    2.593166] Security Framework initialized
[    2.693746] Yama: becoming mindful.
[    2.784765] AppArmor: AppArmor initialized
[    2.931569] Dentry cache hash table entries: 524288 (order: 10, 4194304 bytes)
[    3.223245] Inode-cache hash table entries: 262144 (order: 9, 2097152 bytes)
[    3.230076] Mount-cache hash table entries: 8192 (order: 4, 65536 bytes)
[    3.434443] Mountpoint-cache hash table entries: 8192 (order: 4, 65536 bytes)
[    3.715866] Initializing cgroup subsys io
[    3.854134] Initializing cgroup subsys memory
[    4.029237] Initializing cgroup subsys devices
[    4.182076] Initializing cgroup subsys freezer
[    4.332100] Initializing cgroup subsys net_cls
[    4.341197] Initializing cgroup subsys perf_event
[    4.350441] Initializing cgroup subsys net_prio
[    4.351126] Initializing cgroup subsys hugetlb
[    4.351794] Initializing cgroup subsys pids
[    4.352521] CPU: Physical Processor ID: 0
[    4.353147] CPU: Processor Core ID: 0
[    4.354837] mce: CPU supports 0 MCE banks
[    4.355525] Last level iTLB entries: 4KB 64, 2MB 8, 4MB 8
[    4.356270] Last level dTLB entries: 4KB 64, 2MB 0, 4MB 0, 1GB 4
[    4.358740] Freeing SMP alternatives memory: 32K (ffffffff820b9000 - ffffffff820c1000)
[    4.366823] ftrace: allocating 32123 entries in 126 pages
[    4.580176] smpboot: APIC(0) Converting physical 0 to logical package 0
[    4.675151] smpboot: Max logical packages: 1
[    4.678585] x2apic enabled
[    4.679296] Switched APIC routing to physical x2apic.
[    4.683745] ..TIMER: vector=0x30 apic1=0 pin1=2 apic2=-1 pin2=-1
[    4.790708] smpboot: CPU0: Intel(R) Core(TM) i7-6700HQ CPU @ 2.60GHz (family: 0x6, model: 0x5e, stepping: 0x3)
[    5.055043] Performance Events: unsupported p6 CPU model 94 no PMU driver, software events only.
[    5.109811] KVM setup paravirtual spinlock
[    5.111556] x86: Booting SMP configuration:
[    5.112262] .... node  #0, CPUs:      #1
[    5.113010] kvm-clock: cpu 1, msr 1:1ffef041, secondary cpu clock
[    5.344220] mce: CPU supports 0 MCE banks
[    5.379253]  #2
[    5.382043] kvm-clock: cpu 2, msr 1:1ffef081, secondary cpu clock
[    5.388441] mce: CPU supports 0 MCE banks
[    5.402122]  #3
[    5.402549] kvm-clock: cpu 3, msr 1:1ffef0c1, secondary cpu clock
[    5.404416] mce: CPU supports 0 MCE banks
[    5.406819] x86: Booted up 1 node, 4 CPUs
[    5.407680] smpboot: Total of 4 processors activated (20735.98 BogoMIPS)
[    5.409138] devtmpfs: initialized
[    5.411069] evm: security.selinux
[    5.417072] evm: security.SMACK64
[    5.417646] evm: security.SMACK64EXEC
[    5.418360] evm: security.SMACK64TRANSMUTE
[    5.419119] evm: security.SMACK64MMAP
[    5.419696] evm: security.ima
[    5.420210] evm: security.capability
[    5.421194] clocksource: jiffies: mask: 0xffffffff max_cycles: 0xffffffff, max_idle_ns: 7645041785100000 ns
[    5.422911] pinctrl core: initialized pinctrl subsystem
[    5.423773] RTC time: 12:24:38, date: 04/24/17
[    5.424729] NET: Registered protocol family 16
[    5.434839] cpuidle: using governor ladder
[    5.614946] cpuidle: using governor menu
[    5.741165] PCCT header not found.
[    5.862461] ACPI: bus type PCI registered
[    6.015867] acpiphp: ACPI Hot Plug PCI Controller Driver version: 0.5
[    6.112407] PCI: Using configuration type 1 for base access
[    6.132597] ACPI: Added _OSI(Module Device)
[    6.269876] ACPI: Added _OSI(Processor Device)
[    6.433598] ACPI: Added _OSI(3.0 _SCP Extensions)
[    6.434423] ACPI: Added _OSI(Processor Aggregator Device)
[    6.436157] ACPI: Executed 1 blocks of module-level executable AML code
[    6.441848] ACPI: Interpreter enabled
[    6.442714] ACPI: (supports S0 S5)
[    6.443492] ACPI: Using IOAPIC for interrupt routing
[    6.444614] PCI: Using host bridge windows from ACPI; if necessary, use "pci=nocrs" and report a bug
[    6.450015] ACPI: PCI Root Bridge [PCI0] (domain 0000 [bus 00-ff])
[    6.522037] acpi PNP0A03:00: _OSC: OS supports [ASPM ClockPM Segments MSI]
[    6.631255] acpi PNP0A03:00: _OSC failed (AE_NOT_FOUND); disabling ASPM
[    6.632182] acpi PNP0A03:00: fail to add MMCONFIG information, can't access extended PCI configuration space under this bridge.
[    6.633984] PCI host bridge to bus 0000:00
[    6.634626] pci_bus 0000:00: root bus resource [io  0x0000-0x0cf7 window]
[    6.635558] pci_bus 0000:00: root bus resource [io  0x0d00-0xffff window]
[    6.636470] pci_bus 0000:00: root bus resource [mem 0x000a0000-0x000bffff window]
[    6.637624] pci_bus 0000:00: root bus resource [mem 0xe0000000-0xffdfffff window]
[    6.638784] pci_bus 0000:00: root bus resource [bus 00-ff]
[    6.640713] pci 0000:00:01.1: legacy IDE quirk: reg 0x10: [io  0x01f0-0x01f7]
[    6.641603] pci 0000:00:01.1: legacy IDE quirk: reg 0x14: [io  0x03f6]
[    6.642508] pci 0000:00:01.1: legacy IDE quirk: reg 0x18: [io  0x0170-0x0177]
[    6.643447] pci 0000:00:01.1: legacy IDE quirk: reg 0x1c: [io  0x0376]
[    6.680526] pci 0000:00:07.0: quirk: [io  0x4000-0x403f] claimed by PIIX4 ACPI
[    6.851177] pci 0000:00:07.0: quirk: [io  0x4100-0x410f] claimed by PIIX4 SMB
[    6.969997] ACPI: PCI Interrupt Link [LNKA] (IRQs 5 9 10 *11)
[    7.141293] ACPI: PCI Interrupt Link [LNKB] (IRQs 5 9 10 *11)
[    7.149807] ACPI: PCI Interrupt Link [LNKC] (IRQs 5 9 *10 11)
[    7.253331] ACPI: PCI Interrupt Link [LNKD] (IRQs 5 *9 10 11)
[    7.336891] ACPI: Enabled 2 GPEs in block 00 to 07
[    7.343425] vgaarb: setting as boot device: PCI:0000:00:02.0
[    7.500431] vgaarb: device added: PCI:0000:00:02.0,decodes=io+mem,owns=io+mem,locks=none
[    7.655985] vgaarb: loaded
[    7.763550] vgaarb: bridge control possible 0000:00:02.0
[    7.975652] SCSI subsystem initialized
[    8.104740] ACPI: bus type USB registered
[    8.161831] usbcore: registered new interface driver usbfs
[    8.279839] usbcore: registered new interface driver hub
[    8.326516] usbcore: registered new device driver usb
[    8.399959] PCI: Using ACPI for IRQ routing
[    8.481434] NetLabel: Initializing
[    8.579343] NetLabel:  domain hash size = 128
[    8.678540] NetLabel:  protocols = UNLABELED CIPSOv4
[    8.681109] NetLabel:  unlabeled traffic allowed by default
[    8.682877] amd_nb: Cannot enumerate AMD northbridges
[    8.684466] clocksource: Switched to clocksource kvm-clock
[    8.695261] AppArmor: AppArmor Filesystem Enabled
[    8.879861] pnp: PnP ACPI init
[    8.998554] pnp: PnP ACPI: found 3 devices
[    9.100664] clocksource: acpi_pm: mask: 0xffffff max_cycles: 0xffffff, max_idle_ns: 2085701024 ns
[    9.329435] NET: Registered protocol family 2
[    9.451028] TCP established hash table entries: 32768 (order: 6, 262144 bytes)
[    9.630317] TCP bind hash table entries: 32768 (order: 7, 524288 bytes)
[    9.632013] TCP: Hash tables configured (established 32768 bind 32768)
[    9.633197] UDP hash table entries: 2048 (order: 4, 65536 bytes)
[    9.824025] UDP-Lite hash table entries: 2048 (order: 4, 65536 bytes)
[   10.065560] NET: Registered protocol family 1
[   10.242240] pci 0000:00:00.0: Limiting direct PCI/PCI transfers
[   10.466045] pci 0000:00:01.0: Activating ISA DMA hang workarounds
[   10.579585] Trying to unpack rootfs image as initramfs...
[   12.116851] Freeing initrd memory: 10752K (ffff880036af0000 - ffff880037570000)
[   12.225385] PCI-DMA: Using software bounce buffering for IO (SWIOTLB)
[   12.227059] software IO TLB [mem 0xdbff0000-0xdfff0000] (64MB) mapped at [ffff8800dbff0000-ffff8800dffeffff]
[   12.229290] platform rtc_cmos: registered platform RTC device (no PNP device found)
[   12.230481] Scanning for low memory corruption every 60 seconds
[   12.231879] futex hash table entries: 1024 (order: 4, 65536 bytes)
[   12.277201] audit: initializing netlink subsys (disabled)
[   12.278198] audit: type=2000 audit(1493036682.742:1): initialized
[   12.279529] Initialise system trusted keyring
[   12.408116] HugeTLB registered 2 MB page size, pre-allocated 0 pages
[   12.583271] zbud: loaded
[   12.584056] VFS: Disk quotas dquot_6.6.0
[   12.584836] VFS: Dquot-cache hash table entries: 512 (order 0, 4096 bytes)
[   12.586041] squashfs: version 4.0 (2009/01/31) Phillip Lougher
[   12.587128] fuse init (API version 7.23)
[   12.594537] Key type big_key registered
[   12.595183] Allocating IMA MOK and blacklist keyrings.
[   12.597515] Key type asymmetric registered
[   12.598244] Asymmetric key parser 'x509' registered
[   12.693645] Block layer SCSI generic (bsg) driver version 0.4 loaded (major 249)
[   12.905426] io scheduler noop registered
[   12.999199] io scheduler deadline registered (default)
[   13.015983] io scheduler cfq registered
[   13.017876] pci_hotplug: PCI Hot Plug PCI Core version: 0.5
[   13.018761] pciehp: PCI Express Hot Plug Controller Driver version: 0.4
[   13.019743] ACPI: AC Adapter [AC] (on-line)
[   13.020394] input: Power Button as /devices/LNXSYSTM:00/LNXPWRBN:00/input/input0
[   13.021588] ACPI: Power Button [PWRF]
[   13.022206] input: Sleep Button as /devices/LNXSYSTM:00/LNXSLPBN:00/input/input1
[   13.023288] ACPI: Sleep Button [SLPF]
[   13.024757] ACPI: Battery Slot [BAT0] (battery present)
[   13.025535] GHES: HEST is not enabled!
[   13.026178] Serial: 8250/16550 driver, 32 ports, IRQ sharing enabled
[   13.074255] 00:02: ttyS0 at I/O 0x3f8 (irq = 4, base_baud = 115200) is a 16550A
[   13.224873] Linux agpgart interface v0.103
[   13.228643] tsc: Refined TSC clocksource calibration: 2592.390 MHz
[   13.228645] clocksource: tsc: mask: 0xffffffffffffffff max_cycles: 0x255e27432b1, max_idle_ns: 440795337259 ns
[   13.850303] brd: module loaded
[   13.946201] loop: module loaded
[   14.054662] scsi host0: ata_piix
[   14.144712] scsi host1: ata_piix
[   14.234175] ata1: PATA max UDMA/33 cmd 0x1f0 ctl 0x3f6 bmdma 0xd000 irq 14
[   14.462794] ata2: PATA max UDMA/33 cmd 0x170 ctl 0x376 bmdma 0xd008 irq 15
[   14.580782] libphy: Fixed MDIO Bus: probed
[   14.581540] tun: Universal TUN/TAP device driver, 1.6
[   14.618782] tun: (C) 1999-2004 Max Krasnyansky <maxk@qualcomm.com>
[   14.843393] PPP generic driver version 2.4.2
[   14.973190] ehci_hcd: USB 2.0 'Enhanced' Host Controller (EHCI) Driver
[   15.242200] ehci-pci: EHCI PCI platform driver
[   15.305757] ehci-platform: EHCI generic platform driver
[   15.502820] ohci_hcd: USB 1.1 'Open' Host Controller (OHCI) Driver
[   15.760935] ohci-pci: OHCI PCI platform driver
[   15.910427] ohci-platform: OHCI generic platform driver
[   16.008657] uhci_hcd: USB Universal Host Controller Interface driver
[   16.009869] i8042: PNP: PS/2 Controller [PNP0303:PS2K,PNP0f03:PS2M] at 0x60,0x64 irq 1,12
[   16.313630] serio: i8042 KBD port at 0x60,0x64 irq 1
[   16.514416] serio: i8042 AUX port at 0x60,0x64 irq 12
[   16.582430] mousedev: PS/2 mouse device common for all mice
[   16.591821] rtc_cmos rtc_cmos: rtc core: registered rtc_cmos as rtc0
[   16.678871] rtc_cmos rtc_cmos: alarms up to one day, 114 bytes nvram
[   16.680058] i2c /dev entries driver
[   16.680874] input: AT Translated Set 2 keyboard as /devices/platform/i8042/serio0/input/input2
[   16.682731] device-mapper: uevent: version 1.0.3
[   16.683695] device-mapper: ioctl: 4.34.0-ioctl (2015-10-28) initialised: dm-devel@redhat.com
[   16.685376] ledtrig-cpu: registered to indicate activity on CPUs
[   16.687156] NET: Registered protocol family 10
[   16.688262] NET: Registered protocol family 17
[   16.689195] Key type dns_resolver registered
[   16.690244] microcode: CPU0 sig=0x506e3, pf=0x2, revision=0x0
[   16.790971] microcode: CPU1 sig=0x506e3, pf=0x2, revision=0x0
[   16.939463] microcode: CPU2 sig=0x506e3, pf=0x2, revision=0x0
[   16.940394] microcode: CPU3 sig=0x506e3, pf=0x2, revision=0x0
[   16.941452] microcode: Microcode Update Driver: v2.01 <tigran@aivazian.fsnet.co.uk>, Peter Oruba
[   16.943429] registered taskstats version 1
[   16.944111] Loading compiled-in X.509 certificates
[   16.945524] Loaded X.509 cert 'Build time autogenerated kernel key: 11f495fa9f4186f263f5fd144a167c99990e2f12'
[   16.946865] zswap: loaded using pool lzo/zbud
[   16.949641] Key type trusted registered
[   17.065509] Key type encrypted registered
[   17.305692] AppArmor: AppArmor sha1 policy hashing enabled
[   17.307645] ima: No TPM chip found, activating TPM-bypass!
[   17.309111] evm: HMAC attrs: 0x1
[   17.310245]   Magic number: 13:437:431
[   17.311194] rtc_cmos rtc_cmos: setting system clock to 2017-04-24 12:24:50 UTC (1493036690)
[   17.313117] BIOS EDD facility v0.16 2004-Jun-25, 0 devices found
[   17.671067] EDD information not available.
[   17.947054] Freeing unused kernel memory: 1488K (ffffffff81f45000 - ffffffff820b9000)
[   17.950168] Write protecting the kernel read-only data: 14336k
[   17.951654] Freeing unused kernel memory: 1776K (ffff880001844000 - ffff880001a00000)
[   17.955003] Freeing unused kernel memory: 116K (ffff880001de3000 - ffff880001e00000)
Loading, please wait...
starting version[   17.966408] random: systemd-udevd: uninitialized urandom read (16 bytes read, 5 bits of entropy available)
 229
[   17.966935] random: udevadm: uninitialized urandom read (16 bytes read, 5 bits of entropy available)
[   17.966965] random: udevadm: uninitialized urandom read (16 bytes read, 5 bits of entropy available)
[   17.967159] random: udevadm: uninitialized urandom read (16 bytes read, 5 bits of entropy available)
[   17.967192] random: udevadm: uninitialized urandom read (16 bytes read, 5 bits of entropy available)
[   17.967225] random: udevadm: uninitialized urandom read (16 bytes read, 5 bits of entropy available)
[   17.967255] random: udevadm: uninitialized urandom read (16 bytes read, 5 bits of entropy available)
[   17.967284] random: udevadm: uninitialized urandom read (16 bytes read, 5 bits of entropy available)
[   17.967315] random: udevadm: uninitialized urandom read (16 bytes read, 5 bits of entropy available)
[   17.967349] random: udevadm: uninitialized urandom read (16 bytes read, 5 bits of entropy available)
[   19.187770] Fusion MPT base driver 3.04.20
[   19.201228] Copyright (c) 1999-2008 LSI Corporation
[   19.203205] e1000: Intel(R) PRO/1000 Network Driver - version 7.3.21-k8-NAPI
[   19.204284] e1000: Copyright (c) 1999-2006 Intel Corporation.
[   19.209747] Fusion MPT SPI Host driver 3.04.20
[   19.550496] AVX version of gcm_enc/dec engaged.
[   19.707027] AES CTR mode by8 optimization enabled
[   19.955772] e1000 0000:00:03.0 eth0: (PCI:33MHz:32-bit) 02:5e:4b:b2:97:11
[   19.971678] e1000 0000:00:03.0 eth0: Intel(R) PRO/1000 Network Connection
[   19.973528] mptbase: ioc0: Initiating bringup
[   19.974122] e1000 0000:00:03.0 enp0s3: renamed from eth0
[   20.007569] input: ImExPS/2 Generic Explorer Mouse as /devices/platform/i8042/serio1/input/input4
[   20.041159] ioc0: LSI53C1030 A0: Capabilities={Initiator}
[   20.223338] scsi host2: ioc0: LSI53C1030 A0, FwRev=00000000h, Ports=1, MaxQ=256, IRQ=20
[   20.386414] scsi 2:0:0:0: Direct-Access     VBOX     HARDDISK         1.0  PQ: 0 ANSI: 5
[   20.580470] scsi target2:0:0: Beginning Domain Validation
[   20.667855] scsi target2:0:0: Domain Validation skipping write tests
[   20.671542] scsi target2:0:0: Ending Domain Validation
[   20.686290] scsi target2:0:0: asynchronous
[   20.785160] scsi 2:0:1:0: Direct-Access     VBOX     HARDDISK         1.0  PQ: 0 ANSI: 5
[   20.871539] scsi target2:0:1: Beginning Domain Validation
[   20.873758] scsi target2:0:1: Domain Validation skipping write tests
[   20.874669] scsi target2:0:1: Ending Domain Validation
[   20.875466] scsi target2:0:1: asynchronous
[   21.011159] sd 2:0:0:0: Attached scsi generic sg0 type 0
[   21.011214] sd 2:0:0:0: [sda] 20971520 512-byte logical blocks: (10.7 GB/10.0 GiB)
[   21.011468] sd 2:0:0:0: [sda] Write Protect is off
[   21.011588] sd 2:0:0:0: [sda] Incomplete mode parameter data
[   21.011588] sd 2:0:0:0: [sda] Assuming drive cache: write through
[   21.105949]  sda: sda1
[   21.106378] sd 2:0:0:0: [sda] Attached SCSI disk
[   21.117432] sd 2:0:1:0: Attached scsi generic sg1 type 0
[   21.117522] sd 2:0:1:0: [sdb] 20480 512-byte logical blocks: (10.5 MB/10.0 MiB)
[   21.117612] sd 2:0:1:0: [sdb] Write Protect is off
[   21.117668] sd 2:0:1:0: [sdb] Incomplete mode parameter data
[   21.117669] sd 2:0:1:0: [sdb] Assuming drive cache: write through
[   21.119553] sd 2:0:1:0: [sdb] Attached SCSI disk
[   22.232781] floppy0: no floppy controllers found
[   22.350330] work still pending
Begin: Loading e[   23.760045] md: linear personality registered for level -1
ssential drivers ... [   23.771505] md: multipath personality registered for level -4
[   23.775826] md: raid0 personality registered for level 0
[   23.780326] md: raid1 personality registered for level 1
[   23.852532] raid6: sse2x1   gen()  9646 MB/s
[   23.920518] raid6: sse2x1   xor()  5913 MB/s
[   24.024508] raid6: sse2x2   gen() 11159 MB/s
[   24.128512] raid6: sse2x2   xor()  6442 MB/s
[   24.228484] raid6: sse2x4   gen() 11109 MB/s
[   24.472521] raid6: sse2x4   xor()  4621 MB/s
[   24.583126] raid6: using algorithm sse2x2 gen() 11159 MB/s
[   24.682299] raid6: .... xor() 6442 MB/s, rmw enabled
[   24.683212] raid6: using ssse3x2 recovery algorithm
[   24.685750] xor: automatically using best checksumming function:
[   24.732984]    avx       : 49187.000 MB/sec
[   24.807154] async_tx: api initialized (async)
[   25.133331] md: raid6 personality registered for level 6
[   25.509417] md: raid5 personality registered for level 5
[   25.592415] md: raid4 personality registered for level 4
[   25.598693] md: raid10 personality registered for level 10
done.
Begin: Running /scripts/init-premount ... done.
Begin: Mounting root file system ... Begin: Running /scripts/local-top ... done.
Begin: Running /scripts/local-premount ... [   25.646519] Btrfs loaded
Scanning for Btrfs filesystems
done.
Warning: fsck not present, so skipping root file system
[   25.708359] EXT4-fs (sda1): mounted filesystem with ordered data mode. Opts: (null)
done.
Begin: Running /scripts/local-bottom ... done.
Begin: Running /scripts/init-bottom ... done.
[   26.091310] systemd[1]: systemd 229 running in system mode. (+PAM +AUDIT +SELINUX +IMA +APPARMOR +SMACK +SYSVINIT +UTMP +LIBCRYPTSETUP +GCRYPT +GNUTLS +ACL +XZ -LZ4 +SECCOMP +BLKID +ELFUTILS +KMOD -IDN)
[   26.099043] systemd[1]: Detected virtualization oracle.
[   26.099805] systemd[1]: Detected architecture x86-64.

Welcome to [1mUbuntu 16.04.2 LTS[0m!

[   26.107549] systemd[1]: Set hostname to <ubuntu>.
[   26.113210] systemd[1]: Initializing machine ID from random generator.
[   26.347142] systemd[1]: Installed transient /etc/machine-id file.
[   26.705543] systemd[1]: Listening on udev Kernel Socket.
[[0;32m  OK  [0m] Listening on udev Kernel Socket.
[   26.932966] systemd[1]: Reached target Encrypted Volumes.
[[0;32m  OK  [0m] Reached target Encrypted Volumes.
[   26.934773] systemd[1]: Listening on LVM2 metadata daemon socket.
[[0;32m  OK  [0m] Listening on LVM2 metadata daemon socket.
[   27.080861] systemd[1]: Created slice User and Session Slice.
[[0;32m  OK  [0m] Created slice User and Session Slice.
[   27.082589] systemd[1]: Listening on Journal Socket.
[[0;32m  OK  [0m] Listening on Journal Socket.
[   27.084213] systemd[1]: Started Forward Password Requests to Wall Directory Watch.
[[0;32m  OK  [0m] Started Forward Password Requests to Wall Directory Watch.
[   27.153220] systemd[1]: Reached target Swap.
[[0;32m  OK  [0m] Reached target Swap.
[   27.158102] systemd[1]: Set up automount Arbitrary Executable File Formats File System Automount Point.
[[0;32m  OK  [0m] Set up automount Arbitrary Executab...ats File System Automount Point.
[   27.166646] systemd[1]: Listening on Journal Audit Socket.
[[0;32m  OK  [0m] Listening on Journal Audit Socket.
[   27.172774] systemd[1]: Created slice System Slice.
[[0;32m  OK  [0m] Created slice System Slice.
[   27.189035] systemd[1]: Starting Uncomplicated firewall...
         Starting Uncomplicated firewall...
[   27.217379] systemd[1]: Starting Load Kernel Modules...
         Startin[   27.355103] Loading iSCSI transport class v2.0-870.
g Load Kernel Modules...
[   27.370318] systemd[1]: Starting Create list of required static device nodes for the current kernel...
         Starting Create list of required st... nodes for the current kernel...
[   27.379707] systemd[1]: Starting Remount Root and Kernel File Systems...
[   27.383635] EXT4-fs (sda1): re-mounted. Opts: (null)
[   27.397667] iscsi: registered transport (tcp)
         Starting Remount Root and Kernel File Systems...
[   27.398953] systemd[1]: Reached target Slices.
[[0;32m  OK  [0m] Reached target Slices.
[   27.421894] systemd[1]: Mounting Debug File System...
         Mounting Debug File System...
[   27.432707] systemd[1]: Mounting Huge Pages File System...
         Mounting Huge Pages File System...
[   27.434321] systemd[1]: Listening on /dev/initctl Compatibility Named Pipe.
[[0;32m  OK  [0m] Listening on /dev/initctl Compatibility Named Pipe.
[   27.436502] systemd[1]: Starting Nameserver information manager...
         Startin[   27.437633] random: nonblocking pool is initialized
g Nameserver information manager...
[   27.438520] systemd[1]: Listening on LVM2 poll daemon socket.
[[0;32m  OK  [0m] Listening on LVM2 poll daemon socket.
[   27.448895] systemd[1]: Listening on Syslog Socket.
[[0;32m  OK  [[   27.734099] iscsi: registered transport (iser)
0m] Listening on Syslog Socket.
[   27.796875] systemd[1]: Starting Set console keymap...
         Starting Set console keymap...
[   28.004381] systemd[1]: Mounting POSIX Message Queue File System...
         Mounting POSIX Message Queue File System...
[   28.010419] systemd[1]: Listening on udev Control Socket.
[[0;32m  OK  [0m] Listening on udev Control Socket.
[   28.013006] systemd[1]: Listening on Device-mapper event daemon FIFOs.
[[0;32m  OK  [0m] Listening on Device-mapper event daemon FIFOs.
[   28.153552] systemd[1]: Starting Monitoring of LVM2 mirrors, snapshots etc. using dmeventd or progress polling...
         Starting Monitoring of LVM2 mirrors... dmeventd or progress polling...
[   28.416915] systemd[1]: Reached target User and Group Name Lookups.
[[0;32m  OK  [0m] Reached target User and Group Name Lookups.
[   28.425569] systemd[1]: Listening on Journal Socket (/dev/log).
[[0;32m  OK  [0m] Listening on Journal Socket (/dev/log).
[   28.445129] systemd[1]: Starting Journal Service...
         Starting Journal Service...
[   28.461755] systemd[1]: Created slice system-serial\x2dgetty.slice.
[[0;32m  OK  [0m] Created slice system-serial\x2dgetty.slice.
[   28.478335] systemd[1]: Mounted POSIX Message Queue File System.
[[0;32m  OK  [0m] Mounted POSIX Message Queue File System.
[   28.496891] systemd[1]: Mounted Debug File System.
[[0;32m  OK  [0m] Mounted Debug File System.
[   28.502005] systemd[1]: Mounted Huge Pages File System.
[[0;32m  OK  [0m] Mounted Huge Pages File System.
[   28.629482] systemd[1]: Started Journal Service.
[[0;32m  OK  [0m] Started Journal Service.
[[0;32m  OK  [0m] Started Uncomplicated firewall.
[[0;32m  OK  [0m] Started Load Kernel Modules.
[[0;32m  OK  [0m] Started Create list of required sta...ce nodes for the current kernel.
[[0;32m  OK  [0m] Started Remount Root and Kernel File Systems.
[[0;32m  OK  [0m] Started Set console keymap.
[[0;32m  OK  [0m] Started Nameserver information manager.
[[0;32m  OK  [0m] Started LVM2 metadata daemon.
         Starting Initial cloud-init job (pre-networking)...
         Starting udev Coldplug all Devices...
         Starting Load/Save Random Seed...
         Starting Create Static Device Nodes in /dev...
         Starting Apply Kernel Variables...
         Mounting FUSE Control File System...
         Starting Flush Journal to Persistent Storage...
[[0;32m  OK  [0m] Mounted FUSE Control File System.
[[0;32m  OK  [0m] Started Load/Save Random Seed.
[[0;32m  OK  [0m] Started Create Static Device Nodes in /dev.
[[0;32m  OK  [0m] Started Apply Kernel Variables.
[[0;32m  OK  [0m] Started udev Coldplug all Devices.
[[0;32m  OK  [0m] Started Monitoring of LVM2 mirrors,...ng dmeventd or progress polling.
[[0;32m  OK  [0m] Started Flush Journal to Persistent Storage.
         Starting udev Kernel Device Manager...
[[0;32m  OK  [0m] Started udev Kernel Device Manager.
[[0;32m  OK  [0m] Reached target Local File Systems (Pre).
[[0;32m  OK  [0m] Reached target Local File Systems.
         Starting Create Volatile Files and Directories...
         Starting LSB: AppArmor initialization...
         Starting Tell Plymouth To Write Out Runtime Data...
         Starting Commit a transient machine-id on disk...
         Starting Set console font and keymap...
[[0;32m  OK  [0m] Started Dispatch Password Requests to Console Directory Watch.
[[0;32m  OK  [0m] Started Create Volatile Files and Directories.
[[0;32m  OK  [0m] Started Tell Plymouth To Write Out Runtime Data.
[[0;32m  OK  [0m] Started Commit a transient machine-id on disk.
[[0;32m  OK  [0m] Found device /dev/ttyS0.
         Starting Update UTMP about System Boot/Shutdown...
[[0;32m  OK  [0m] Reached target System Time Synchronized.
[[0;32m  OK  [0m] Started Update UTMP about System Boot/Shutdown.
[[0;32m  OK  [0m] Listening on Load/Save RF Kill Switch Status /dev/rfkill Watch.
[   22.137864] cloud-init[484]: Cloud-init v. 0.7.9 running 'init-local' at Mon, 24 Apr 2017 12:25:02 +0000. Up 21.71 seconds.
[[0;32m  OK  [0m] Started LSB: AppArmor initialization.
[[0;32m  OK  [0m] Started Initial cloud-init job (pre-networking).
[[0;32m  OK  [0m] Reached target Network (Pre).
         Starting Raise network interfaces...
[[0;32m  OK  [0m] Started Set console font and keymap.
[[0;32m  OK  [0m] Created slice system-getty.slice.
[[0;32m  OK  [0m] Started Raise network interfaces.
[[0;32m  OK  [0m] Reached target Network.
         Starting Initial cloud-init job (metadata service crawler)...
[   25.697842] cloud-init[1077]: Cloud-init v. 0.7.9 running 'init' at Mon, 24 Apr 2017 12:25:06 +0000. Up 25.06 seconds.
[   25.761063] [cloud-init[0;32m  OK  [0m[1077]: ] ci-info: +++++++++++++++++++++++++++++++++++++Net device info++++++++++++++++++++++++++++++++++++++Started Initial cloud-init job (metadata service crawler).

[   25.761718] cloud-init[1077]: ci-info: +--------+------+----------------------------+---------------+-------+-------------------+
[   25.919939] [cloud-init[0;32m  OK  [0m[1077]: ] ci-info: | Device |  Up  |          Address           |      Mask     | Scope |     Hw-Address    |Reached target System Initialization.

[[   25.920300] [0;32m  OK  [0mcloud-init] [1077]: Started Daily Cleanup of Temporary Directories.ci-info: +--------+------+----------------------------+---------------+-------+-------------------+

[   25.930936]          cloud-initStarting LXD - unix socket.[1077]: 
ci-info: | enp0s3 | True |         10.0.2.15          | 255.255.255.0 |   .   | 02:5e:4b:b2:97:11 |
[   25.932298] [cloud-init[0;32m  OK  [0m[1077]: ] ci-info: | enp0s3 | True | fe80::5e:4bff:feb2:9711/64 |       .       |  link | 02:5e:4b:b2:97:11 |Started Timer to automatically refresh installed snaps.

[[   25.932501] [0;32m  OK  [0mcloud-init] [1077]: Started Trigger resolvconf update for networkd DNS.ci-info: |   lo   | True |         127.0.0.1          |   255.0.0.0   |   .   |         .         |

[   25.984819] [cloud-init[0;32m  OK  [0m[1077]: ] ci-info: |   lo   | True |          ::1/128           |       .       |  host |         .         |Listening on D-Bus System Message Bus Socket.

[[   25.985198] [0;32m  OK  [0mcloud-init] [1077]: Started Daily apt activities.ci-info: +--------+------+----------------------------+---------------+-------+-------------------+

[   25.989542] [cloud-init[0;32m  OK  [0m[1077]: ] ci-info: +++++++++++++++++++++++++++Route IPv4 info++++++++++++++++++++++++++++Reached target Timers.

[   25.989846] [cloud-init[0;32m  OK  [0m[1077]: ] ci-info: +-------+-------------+----------+---------------+-----------+-------+Listening on UUID daemon activation socket.

[   25.991621] cloud-init[1077]: ci-info: | Route | Destination | Gateway  |    Genmask    | Interface | Flags |
[   26.010950]          cloud-initStarting Socket activation for snappy daemon.[1077]: 
ci-info: +-------+-------------+----------+---------------+-----------+-------+
[[0;32m  OK  [0m] Listening on ACPID Listen Socket.
[   26.011288] cloud-init[1077]: ci-info: |   0   |   0.0.0.0   | 10.0.2.2 |    0.0.0.0    |   enp0s3  |   UG  |
[   26.059485] cloud-init[1077]: ci-info: |   1   |   10.0.2.0  | 0.0.0.0  | 255.255.255.0 |   enp0s3  |   U   |
[[0;32m  OK  [0m] Started ACPI Events Check.
[   26.060681] [cloud-init[0;32m  OK  [0m[1077]: ] ci-info: +-------+-------------+----------+---------------+-----------+-------+Reached target Paths.

[   26.128657] [cloud-init[0;32m  OK  [0m[1077]: ] Generating public/private rsa key pair.Reached target Cloud-config availability.

[   26.129469] [cloud-init[0;32m  OK  [0m[1077]: ] Your identification has been saved in /etc/ssh/ssh_host_rsa_key.Reached target Network is Online.

[   26.189184] cloud-init[1077]: Your public key has been saved in /etc/ssh/ssh_host_rsa_key.pub.
[   26.229158]          cloud-initStarting iSCSI initiator daemon (iscsid)...[1077]: 
The key fingerprint is:
[   26.246028] cloud-init[1077]: SHA256:tOnKXutKWR/8fD7o6xfpCd+2EJNbNvUElZ/sq5Agq9A root@ubuntu-xenial
[   26.262769] cloud-init[1077]: The key's randomart image is:
[   26.263902] cloud-init[1077]: +---[RSA 2048]----+
[   26.264916] cloud-init[1077]: |              ..o|
[   26.280214] cloud-init[1077]: |               o |
[   26.282000] cloud-init[1077]: |        .     . =|
[   26.285279] cloud-init[1077]: |       . +    .++|
[   26.289254] cloud-init[1077]: |       .S.o  +.=.|
[   26.291163] cloud-init[1077]: |    .  +o..+o O..|
[   26.291809] cloud-init[1077]: |   . Eo.o .ooB.+.|
[   26.294394] cloud-init[1077]: |    .o.o .  ooB.o|
[   26.295053] cloud-init[1077]: |     o=oo  o++o+.|
[   26.349170] cloud-init[1077]: +----[SHA256]-----+
[[0;32m  OK  [0m] Listening on LXD - unix socket.
[[0;32m  OK  [0m] Listening on Socket activation for snappy daemon.
[   26.372180] cloud-init[1077]: Generating public/private dsa key pair.
[   26.402025] cloud-init[1077]: Your identification has been saved in /etc/ssh/ssh_host_dsa_key.
[   26.404763] cloud-init[1077]: Your public key has been saved in /etc/ssh/ssh_host_dsa_key.pub.
[   26.406924] cloud-init[1077]: The key fingerprint is:
[   26.408335] cloud-init[1077]: SHA256:ZrpglSmxRHPBd17JrQgeoCBplDrUdsakumBH46kEXUo root@ubuntu-xenial
[   26.410407] cloud-init[1077]: The key's randomart image is:
[   26.416234] cloud-init[1077]: +---[DSA 1024]----+
[   26.444668] [cloud-init[0;32m  OK  [0m[1077]: ] |ooE *o+o   . o   |Started iSCSI initiator daemon (iscsid).

[   26.446010] cloud-init[1077]: |.B B.B. + . + .  |
[   26.479818] cloud-init[1077]: |= ++*  o = o .   |
[   26.483314] cloud-init[1077]: |+ +.oo o. o .    |
[   26.487040] cloud-init[1077]: |.= +o + S        |
[   26.512580]          cloud-initStarting Login to default iSCSI targets...[1077]: 
|+ +  o +         |
[   26.540313] [cloud-init[0;32m  OK  [0m[1077]: ] | o  o .          |Reached target Sockets.

[[0;32m  OK  [0m] Reached target Basic System.
[   26.540774] cloud-init[1077]: |   . . .         |
[   26.546840] cloud-init[1077]: |      .          |
[   26.548147] cloud-init[1077]: +----[SHA256]-----+
[   26.556401] cloud-init[1077]: Generating public/private ecdsa key pair.
[   26.571363]          Starting Accounts Service...
cloud-init[1077]:          Starting LSB: Record successful boot for GRUB...
Your identification has been saved in /etc/ssh/ssh_host_ecdsa_key.
[[0;32m  OK  [0m] Started FUSE filesystem for LXC.
[   26.575206] cloud-init[1077]: Your public key has been saved in /etc/ssh/ssh_host_ecdsa_key.pub.
[[0;32m  OK  [0m] Started Regular background program processing daemon.
         Starting Apply the settings specified in cloud-config...
         Starting Login Service...
[   26.580072] cloud-init[1077]: The key fingerprint is:
[   26.631968]          cloud-initStarting LSB: MD monitoring daemon...[1077]: 
SHA256:XywoFTGSQmwM8J6LrVm6sb4kqCB3mb95XBKUgBtP3TU root@ubuntu-xenial
[   26.634726] cloud-init[1077]: The key's randomart image is:
[   26.635718] cloud-init[1077]: +---[ECDSA 256]---+
[   26.642136] cloud-init[1077]: |...=..o+++ .E    |
[   26.643128] cloud-init[1077]: | .  B o.+o.  .   |
[   26.644089] cloud-init[1077]: |  .. * ..        |
[   26.644904] cloud-init[1077]: | . .. .... .     |
[   26.645589] cloud-init[1077]: |  o   . S.. o    |
[   26.647608] cloud-init[1077]: |.o . o ....o     |
[   26.648343] cloud-init[1077]: |B.= +  . o.      |
[   26.649034] cloud-init[1077]: |*O . . .o        |
[   26.649667] cloud-init[1077]: |O+.   +o         |
[   26.650320] cloud-init[1077]: +----[SHA256]-----+
[   26.651086] cloud-init[1077]: Generating public/private ed25519 key pair.
[   26.652010] cloud-init[1077]: Your identification has been saved in /etc/ssh/ssh_host_ed25519_key.
[   26.653203] cloud-init[1077]: Your public key has been saved in /etc/ssh/ssh_host_ed25519_key.pub.
[   26.654222] cloud-init[1077]: The key fingerprint is:
[   26.676463] [cloud-init[0;32m  OK  [0m[1077]: ] SHA256:iaGJTsNBnqgLHnaMLAcBRCU6EwAiMY6AT5X+dm9Ih1U root@ubuntu-xenialStarted Deferred execution scheduler.

[   26.676809] cloud-init[1077]: The key's randomart image is:
[   26.760327] cloud-init[1077]: +--[ED25519 256]--+
[   26.772336] cloud-init[1077]: |^=oo..           |
[   26.840450] [cloud-init[0;32m  OK  [0m[1077]: ] |OBo..       E    |Started D-Bus System Message Bus.

[   26.840973] cloud-init[1077]: |B++.  .    .     |
[   26.861270] cloud-init[1077]: |o=+o.o o ..      |
[   26.872356] cloud-init[1077]: |+=*oo.. So       |
[   26.877922] cloud-init[1077]: |==o.  o + .      |
[   26.892444]          cloud-initStarting LXD - container startup/shutdown...[1077]: 
|...  . o +       |
[[0;32m  OK  [0m] Started Snappy daemon.
[   26.932638] cloud-init[1077]: |        . o      |
[   27.049123]          cloud-initStarting Auto import assertions from block devices...[1077]: 
|         .       |
[   27.084655] [cloud-init[0;32m  OK  [0m[1077]: +----[SHA256]-----+
] Started ACPI event daemon.
         Starting /etc/rc.local Compatibility...
         Starting Pollinate to seed the pseudo random number generator...
         Starting System Logging Service...
[[0;32m  OK  [0m] Started LXD - container startup/shutdown.
[[0;32m  OK  [0m] Started Auto import assertions from block devices.
[[0;32m  OK  [0m] Started /etc/rc.local Compatibility.
[[0;32m  OK  [0m] Started System Logging Service.
[   27.376027] cloud-init[1186]: Generating locales (this might take a while)...
[[0;32m  OK  [0m] Started Login to default iSCSI targets.
[[0;32m  OK  [0m] Started LSB: Record successful boot for GRUB.
[[0;32m  OK  [0m] Started LSB: MD monitoring daemon.
         Starting Authenticate and Authorize Users to Run Privileged Tasks...
[[0;32m  OK  [0m] Reached target Remote File Systems (Pre).
[[0;32m  OK  [0m] Reached target Remote File Systems.
         Starting LSB: daemon to balance interrupts for SMP systems...
         Starting LSB: Set the CPU Frequency Scaling governor to "ondemand"...
         Starting LSB: VirtualBox Linux Additions...
         Starting LSB: automatic crash report generation...
         Starting Permit User Sessions...
[[0;32m  OK  [0m] Started Permit User Sessions.
[[0;32m  OK  [0m] Started Login Service.
[[0;32m  OK  [0m] Started Authenticate and Authorize Users to Run Privileged Tasks.
[[0;32m  OK  [0m] Started Accounts Service.
[[0;32m  OK  [0m] Started Pollinate to seed the pseudo random number generator.
[[0;32m  OK  [0m] Started LSB: Set the CPU Frequency Scaling governor to "ondemand".
[[0;32m  OK  [0m] Started LSB: daemon to balance interrupts for SMP systems.
[[0;32m  OK  [0m] Started LSB: VirtualBox Linux Additions.
         Starting OpenBSD Secure Shell server...
         Starting Hold until boot process finishes up...
         Starting Terminate Plymouth Boot Screen...
[[0;32m  OK  [0m] Started LSB: automatic crash report generation.
[[0;32m  OK  [0m] Started Hold until boot process finishes up.
[[0;32m  OK  [0m] Started Terminate Plymouth Boot Screen.
[[0;32m  OK  [0m] Started OpenBSD Secure Shell server.
[[0;32m  OK  [0m] Started Serial Getty on ttyS0.
[[0;32m  OK  [0m] Started Getty on tty1.
[[0;32m  OK  [0m] Reached target Login Prompts.
         Starting Set console scheme...
[[0;32m  OK  [0m] Reached target Multi-User System.
[[0;32m  OK  [0m] Reached target Graphical Interface.
         Starting Update UTMP about System Runlevel Changes...
[[0;32m  OK  [0m] Started Set console scheme.
[[0;32m  OK  [0m] Started Update UTMP about System Runlevel Changes.
[   28.488105] cloud-init[1186]:   en_US.UTF-8... done
[   28.492860] cloud-init[1186]: Generation complete.
         Stopping OpenBSD Secure Shell server...
[[0;32m  OK  [0m] Stopped OpenBSD Secure Shell server.
         Starting OpenBSD Secure Shell server...
[[0;32m  OK  [0m] Started OpenBSD Secure Shell server.
[[0;32m  OK  [0m] Created slice User Slice of ubuntu.
         Starting User Manager for UID 1000...
[[0;32m  OK  [0m] Started User Manager for UID 1000.
[   28.910384] cloud-init[1186]: Cloud-init v. 0.7.9 running 'modules:config' at Mon, 24 Apr 2017 12:25:08 +0000. Up 27.20 seconds.
[[0;32m  OK  [0m] Started Session 1 of user ubuntu.
[[0;32m  OK  [0m] Started Apply the settings specified in cloud-config.
         Starting Execute cloud user/final scripts...
ci-info: no authorized ssh keys fingerprints found for user ubuntu.
<14>Apr 24 12:25:10 ec2: 
<14>Apr 24 12:25:10 ec2: #############################################################
<14>Apr 24 12:25:10 ec2: -----BEGIN SSH HOST KEY FINGERPRINTS-----
<14>Apr 24 12:25:10 ec2: 1024 SHA256:ZrpglSmxRHPBd17JrQgeoCBplDrUdsakumBH46kEXUo root@ubuntu-xenial (DSA)
<14>Apr 24 12:25:10 ec2: 256 SHA256:XywoFTGSQmwM8J6LrVm6sb4kqCB3mb95XBKUgBtP3TU root@ubuntu-xenial (ECDSA)
<14>Apr 24 12:25:10 ec2: 256 SHA256:iaGJTsNBnqgLHnaMLAcBRCU6EwAiMY6AT5X+dm9Ih1U root@ubuntu-xenial (ED25519)
<14>Apr 24 12:25:10 ec2: 2048 SHA256:tOnKXutKWR/8fD7o6xfpCd+2EJNbNvUElZ/sq5Agq9A root@ubuntu-xenial (RSA)
<14>Apr 24 12:25:10 ec2: -----END SSH HOST KEY FINGERPRINTS-----
<14>Apr 24 12:25:10 ec2: #############################################################
-----BEGIN SSH HOST KEY KEYS-----
ecdsa-sha2-nistp256 AAAAE2VjZHNhLXNoYTItbmlzdHAyNTYAAAAIbmlzdHAyNTYAAABBBBq3lIaoLyzW9m5RYSLj40g1NQtLSo3v4oQnhocJEDoF2WORcOqyrTYblpbD5lw54hsaICMeNREn8PQmHBXB0yk= root@ubuntu-xenial
ssh-ed25519 AAAAC3NzaC1lZDI1NTE5AAAAIECnsjzZkQtP+ucGJDF/PaJ9ZwDdIFldwBLZNMenCnQ8 root@ubuntu-xenial
ssh-rsa AAAAB3NzaC1yc2EAAAADAQABAAABAQC6pw+kJIqH6CnC8q+dZisRpCJvPyYXkHaXCqo3JqiS/p+d/dBzufBGsBIiV6bcHAAuDHBQU5zqFd5iwHf11ZQ3sKwAX9IahltQBHoyd9qlC2PKFlJVTDq7u3iAr8bj9nS1wYjZo+druWHn1os4X2CYIxpEu/C9hB5MQeJRxPWYkYvU+HlQ/wHpLxFqk73YcVZ0+uHyRQYCXmpEuPIANNvjbWOgwUcz8Z4z1bTQ8oeVdBHUzRWJ6g8U5NFwUAhWvFByHi+Dkd5mzDpX7W58QOpOHiXbPB5fZjOftkAka2JdSHi20API+ScwXQDwQYk5/Ts/RxN8alJPBjARnLI61oL7 root@ubuntu-xenial
-----END SSH HOST KEY KEYS-----
[   29.476146] cloud-init[1468]: Cloud-init v. 0.7.9 running 'modules:final' at Mon, 24 Apr 2017 12:25:10 +0000. Up 29.27 seconds.
[   29.479653] cloud-init[1468]: ci-info: no authorized ssh keys fingerprints found for user ubuntu.
[   29.482722] cloud-init[1468]: Cloud-init v. 0.7.9 finished at Mon, 24 Apr 2017 12:25:10 +0000. Datasource DataSourceNoCloud [seed=/dev/sdb][dsmode=net].  Up 29.47 seconds
[[0;32m  OK  [0m] Started Execute cloud user/final scripts.
[[0;32m  OK  [0m] Reached target Cloud-init target.

Ubuntu 16.04.2 LTS ubuntu-xenial ttyS0

ubuntu-xenial login:          Stopping User Manager for UID 1000...
         Stopping ACPI event daemon...
         Stopping Session 14 of user ubuntu.
[[0;32m  OK  [0m] Stopped target Timers.
[[0;32m  OK  [0m] Sti         Stopping LSB: VirtualBox Linux Additions...
[[0;32m  OK  [0m] Unmounted /var/lib/lxcfs.
[[0;32m  OK  [0m] Stopped Accounts Service.
[[0;32m  OK  [0m] Stopped Regular background program processing daemon.
[[0;32m  OK  [0m] Stopped Deferred execution scheduler.
[[0;32m  OK  [0m] Stopped System Logging Service.
[[0;32m  OK  [0m] Stopped Authenticate and Authorize Users to Run Privileged Tasks.
[[0;32m  OK  [0m] Stopped ACPI event daemon.
[[0;32m  OK  [0m] Stopped Serial Getty on ttyS0.
[[0;32m  OK  [0m] Stopped Getty on tty1.
[[0;32m  OK  [0m] Stopped OpenBSD Secure Shell server.
[[0;32m  OK  [0m] Stopped Snappy daemon.
[[0;32m  OK  [0m] Stopped User Manager for UID 1000.
[[0;32m  OK  [0m] Stopped Session 14 of user ubuntu.
[[0;32m  OK  [0m] Stopped D-Bus System Message Bus.
[[0;32m  OK  [0m] Stopped FUSE filesystem for LXC.
[[0;32m  OK  [0m] Stopped LXD - container startup/shutdown.
[[0;32m  OK  [0m] Stopped LSB: MD monitoring daemon.
[[0;32m  OK  [0m] Stopped LSB: Set the CPU Frequency Scaling governor to "ondemand".
[[0;32m  OK  [0m] Stopped LSB: Record successful boot for GRUB.
[[0;32m  OK  [0m] Stopped LSB: daemon to balance interrupts for SMP systems.
[[0;32m  OK  [0m] Stopped LSB: VirtualBox Linux Additions.
[[0;32m  OK  [0m] Stopped LSB: automatic crash report generation.
[[0;32m  OK  [0m] Removed slice User Slice of ubuntu.
         Stopping Login Service...
[[0;32m  OK  [0m] Removed slice system-getty.slice.
[[0;32m  OK  [0m] Stopped /etc/rc.local Compatibility.
[[0;32m  OK  [0m] Removed slice system-serial\x2dgetty.slice.
         Stopping Permit User Sessions...
[[0;32m  OK  [0m] Stopped Permit User Sessions.
[[0;32m  OK  [0m] Stopped target Remote File Systems.
[[0;32m  OK  [0m] Stopped target Remote File Systems (Pre).
         Stopping Login to default iSCSI targets...
[[0;32m  OK  [0m] Stopped Login Service.
[[0;32m  OK  [0m] Stopped target User and Group Name Lookups.
[[0;32m  OK  [0m] Stopped target Basic System.
[[0;32m  OK  [0m] Stopped target Paths.
[[0;32m  OK  [0m] Stopped Dispatch Password Requests to Console Directory Watch.
[[0;32m  OK  [0m] Stopped Forward Password Requests to Wall Directory Watch.
[[0;32m  OK  [0m] Stopped Trigger resolvconf update for networkd DNS.
[[0;32m  OK  [0m] Stopped ACPI Events Check.
[[0;32m  OK  [0m] Stopped target Sockets.
[[0;32m  OK  [0m] Closed D-Bus System Message Bus Socket.
[[0;32m  OK  [0m] Closed ACPID Listen Socket.
[[0;32m  OK  [0m] Closed LXD - unix socket.
[[0;32m  OK  [0m] Closed Socket activation for snappy daemon.
[[0;32m  OK  [0m] Closed Syslog Socket.
[[0;32m  OK  [0m] Closed UUID daemon activation socket.
[[0;32m  OK  [0m] Stopped target System Initialization.
         Stopping Update UTMP about System Boot/Shutdown...
[[0;32m  OK  [0m] Stopped target Encrypted Volumes.
         Stopping Load/Save Random Seed...
[[0;32m  OK  [0m] Stopped target Swap.
[[0;32m  OK  [0m] Stopped Commit a transient machine-id on disk.
[[0;32m  OK  [0m] Stopped target Slices.
[[0;32m  OK  [0m] Removed slice User and Session Slice.
[[0;32m  OK  [0m] Stopped Load/Save Random Seed.
[[0;32m  OK  [0m] Stopped Update UTMP about System Boot/Shutdown.
[[0;32m  OK  [0m] Stopped Create Volatile Files and Directories.
[[0;32m  OK  [0m] Stopped Login to default iSCSI targets.
         Stopping iSCSI initiator daemon (iscsid)...
[[0;32m  OK  [0m] Stopped iSCSI initiator daemon (iscsid).
[[0;32m  OK  [0m] Stopped target Network is Online.
[[0;32m  OK  [0m] Stopped target Network.
[[0;32m  OK  [0m] Stopped Initial cloud-init job (metadata service crawler).
         Stopping Raise network interfaces...
[[0;32m  OK  [0m] Stopped Raise network interfaces.
[[0;32m  OK  [0m] Stopped target Local File Systems.
         Unmounting /vagrant...
         Starting Unattended Upgrades Shutdown...
         Unmounting /run/user/1000...
[[0;32m  OK  [0m] Stopped target Network (Pre).
[[0;32m  OK  [0m] Stopped Initial cloud-init job (pre-networking).
[[0;32m  OK  [0m] Stopped Apply Kernel Variables.
[[0;32m  OK  [0m] Stopped Load Kernel Modules.
[[0;32m  OK  [0m] Unmounted /vagrant.
[[0;32m  OK  [0m] Unmounted /run/user/1000.
[[0;32m  OK  [0m] Started Unattended Upgrades Shutdown.
[[0;32m  OK  [0m] Reached target Unmount All Filesystems.
[[0;32m  OK  [0m] Stopped target Local File Systems (Pre).
         Stopping Monitoring of LVM2 mirrors... dmeventd or progress polling...
[[0;32m  OK  [0m] Stopped Create Static Device Nodes in /dev.
[[0;32m  OK  [0m] Stopped Remount Root and Kernel File Systems.
[[0;32m  OK  [0m] Reached target Shutdown.
[ 3923.214537] reboot: Power down
